[2026-06-12T16:17:39.572Z] GET file:///C:/Users/RATNAKSH%20TYAGI/portfolio/index.html → 200 (2ms, 20657B)
[2026-06-12T16:17:39.578Z] GET https://fonts.googleapis.com/css2?family=Archivo:ital,wdth,wght@0,62..125,100..900;1,62..125,100..900&family=Newsreader:ital,opsz,wght@1,6..72,300..500&family=Fragment+Mono:ital@0;1&display=swap → pending (?ms, ?B)
[2026-06-12T16:17:39.578Z] GET file:///C:/Users/RATNAKSH%20TYAGI/portfolio/style.css → 200 (2ms, 18997B)
[2026-06-12T16:17:39.578Z] GET file:///C:/Users/RATNAKSH%20TYAGI/portfolio/Man_wearing_sweater_smiling_5182691c3a.jpeg → 200 (2ms, 716637B)
[2026-06-12T16:17:39.578Z] GET file:///C:/Users/RATNAKSH%20TYAGI/portfolio/script.js → 200 (5ms, 3761B)
[2026-06-12T16:17:39.578Z] GET file:///C:/Users/RATNAKSH%20TYAGI/portfolio/three-scene.js → pending (?ms, ?B)
[2026-06-12T16:17:47.370Z] GET https://fonts.gstatic.com/s/fragmentmono/v6/4iCr6K5wfMRRjxp0DA6-2CLnB4NHhg.woff2 → 200 (420ms, 25224B)
[2026-06-12T16:17:47.370Z] GET https://fonts.gstatic.com/s/archivo/v25/k3kQo8UDI-1M0wlSfdnoLg.woff2 → pending (?ms, ?B)
[2026-06-12T16:17:47.370Z] GET https://fonts.gstatic.com/s/newsreader/v26/cY9CfjOCX1hbuyalUrK439vCjohC.woff2 → pending (?ms, ?B)
[2026-06-12T16:18:12.992Z] GET http://localhost:8741/index.html → 200 (3ms, 20657B)
[2026-06-12T16:18:13.046Z] GET https://fonts.googleapis.com/css2?family=Archivo:ital,wdth,wght@0,62..125,100..900;1,62..125,100..900&family=Newsreader:ital,opsz,wght@1,6..72,300..500&family=Fragment+Mono:ital@0;1&display=swap → 200 (62ms, 6351B)
[2026-06-12T16:18:13.046Z] GET http://localhost:8741/style.css → 200 (63ms, 18997B)
[2026-06-12T16:18:13.046Z] GET http://localhost:8741/Man_wearing_sweater_smiling_5182691c3a.jpeg → 200 (63ms, 716637B)
[2026-06-12T16:18:13.046Z] GET http://localhost:8741/script.js → 200 (65ms, 3761B)
[2026-06-12T16:18:13.046Z] GET http://localhost:8741/three-scene.js → 200 (65ms, 7485B)
[2026-06-12T16:18:13.173Z] GET https://fonts.gstatic.com/s/archivo/v25/k3kQo8UDI-1M0wlSfdnoLg.woff2 → 200 (19ms, 90104B)
[2026-06-12T16:18:13.173Z] GET https://fonts.gstatic.com/s/fragmentmono/v6/4iCr6K5wfMRRjxp0DA6-2CLnB4NHhg.woff2 → 200 (20ms, 25224B)
[2026-06-12T16:18:13.173Z] GET https://fonts.gstatic.com/s/newsreader/v26/cY9CfjOCX1hbuyalUrK439vCjohC.woff2 → 200 (20ms, 146872B)
[2026-06-12T16:18:13.173Z] GET https://cdn.jsdelivr.net/npm/three@0.165.0/build/three.module.js → pending (?ms, ?B)
[2026-06-12T16:22:25.954Z] GET http://localhost:8741/index.html → 200 (11ms, 20657B)
[2026-06-12T16:22:25.986Z] GET https://fonts.googleapis.com/css2?family=Archivo:ital,wdth,wght@0,62..125,100..900;1,62..125,100..900&family=Newsreader:ital,opsz,wght@1,6..72,300..500&family=Fragment+Mono:ital@0;1&display=swap → 200 (?ms, 6351B)
[2026-06-12T16:22:25.987Z] GET http://localhost:8741/style.css → 200 (8ms, 19165B)
[2026-06-12T16:22:25.988Z] GET http://localhost:8741/Man_wearing_sweater_smiling_5182691c3a.jpeg → 200 (?ms, 716637B)
[2026-06-12T16:22:25.988Z] GET http://localhost:8741/script.js → 304 (9ms, ?B)
[2026-06-12T16:22:25.988Z] GET http://localhost:8741/three-scene.js → 304 (3ms, ?B)
[2026-06-12T16:22:25.991Z] GET https://cdn.jsdelivr.net/npm/three@0.165.0/build/three.module.js → 200 (?ms, 1284652B)
[2026-06-12T16:22:26.073Z] GET https://fonts.gstatic.com/s/archivo/v25/k3kQo8UDI-1M0wlSfdnoLg.woff2 → 200 (?ms, ?B)
[2026-06-12T16:22:26.074Z] GET https://fonts.gstatic.com/s/fragmentmono/v6/4iCr6K5wfMRRjxp0DA6-2CLnB4NHhg.woff2 → 200 (?ms, ?B)
[2026-06-12T16:22:26.074Z] GET https://fonts.gstatic.com/s/newsreader/v26/cY9CfjOCX1hbuyalUrK439vCjohC.woff2 → 200 (?ms, ?B)
[2026-06-12T16:22:48.148Z] GET http://localhost:8741/index.html → 200 (4ms, 20657B)
[2026-06-12T16:22:48.171Z] GET https://fonts.googleapis.com/css2?family=Archivo:ital,wdth,wght@0,62..125,100..900;1,62..125,100..900&family=Newsreader:ital,opsz,wght@1,6..72,300..500&family=Fragment+Mono:ital@0;1&display=swap → 200 (?ms, 6351B)
[2026-06-12T16:22:48.171Z] GET http://localhost:8741/style.css → 304 (3ms, ?B)
[2026-06-12T16:22:48.171Z] GET http://localhost:8741/Man_wearing_sweater_smiling_5182691c3a.jpeg → 200 (?ms, 716637B)
[2026-06-12T16:22:48.171Z] GET http://localhost:8741/script.js → 200 (2ms, 3761B)
[2026-06-12T16:22:48.173Z] GET http://localhost:8741/three-scene.js → 200 (?ms, 7485B)
[2026-06-12T16:22:48.174Z] GET https://cdn.jsdelivr.net/npm/three@0.165.0/build/three.module.js → 200 (?ms, 1284652B)
[2026-06-12T16:22:48.221Z] GET https://fonts.gstatic.com/s/archivo/v25/k3kQo8UDI-1M0wlSfdnoLg.woff2 → 200 (?ms, ?B)
[2026-06-12T16:22:48.222Z] GET https://fonts.gstatic.com/s/fragmentmono/v6/4iCr6K5wfMRRjxp0DA6-2CLnB4NHhg.woff2 → 200 (?ms, ?B)
[2026-06-12T16:22:48.222Z] GET https://fonts.gstatic.com/s/newsreader/v26/cY9CfjOCX1hbuyalUrK439vCjohC.woff2 → 200 (?ms, ?B)
